<?xml version="1.0" encoding="UTF-8"?>
<!-- Generated by org.testng.reporters.JUnitReportReporter -->
<testsuite hostname="LTO83700" failures="0" tests="1" name="screen.Login" time="2.538" errors="0" timestamp="24 Jun 2021 16:43:13 GMT">
  <testcase classname="screen.Login" name="launchYoutube" time="2.538"/>
</testsuite> <!-- screen.Login -->
